c:\users\user\onedrive\рабочий стол\кпо\курсовой проект\sva-2022\sva-2022\sva-2022\debug\vc142.pdb
c:\users\user\onedrive\рабочий стол\кпо\курсовой проект\sva-2022\sva-2022\sva-2022\debug\vc142.idb
c:\users\user\onedrive\рабочий стол\кпо\курсовой проект\sva-2022\sva-2022\sva-2022\debug\words.obj
c:\users\user\onedrive\рабочий стол\кпо\курсовой проект\sva-2022\sva-2022\sva-2022\debug\sva-2022.obj
c:\users\user\onedrive\рабочий стол\кпо\курсовой проект\sva-2022\sva-2022\sva-2022\debug\seman.obj
c:\users\user\onedrive\рабочий стол\кпо\курсовой проект\sva-2022\sva-2022\sva-2022\debug\polish.obj
c:\users\user\onedrive\рабочий стол\кпо\курсовой проект\sva-2022\sva-2022\sva-2022\debug\parm.obj
c:\users\user\onedrive\рабочий стол\кпо\курсовой проект\sva-2022\sva-2022\sva-2022\debug\out.obj
c:\users\user\onedrive\рабочий стол\кпо\курсовой проект\sva-2022\sva-2022\sva-2022\debug\mfst.obj
c:\users\user\onedrive\рабочий стол\кпо\курсовой проект\sva-2022\sva-2022\sva-2022\debug\lt.obj
c:\users\user\onedrive\рабочий стол\кпо\курсовой проект\sva-2022\sva-2022\sva-2022\debug\log.obj
c:\users\user\onedrive\рабочий стол\кпо\курсовой проект\sva-2022\sva-2022\sva-2022\debug\lexanalizer.obj
c:\users\user\onedrive\рабочий стол\кпо\курсовой проект\sva-2022\sva-2022\sva-2022\debug\it.obj
c:\users\user\onedrive\рабочий стол\кпо\курсовой проект\sva-2022\sva-2022\sva-2022\debug\in.obj
c:\users\user\onedrive\рабочий стол\кпо\курсовой проект\sva-2022\sva-2022\sva-2022\debug\greibach.obj
c:\users\user\onedrive\рабочий стол\кпо\курсовой проект\sva-2022\sva-2022\sva-2022\debug\gen.obj
c:\users\user\onedrive\рабочий стол\кпо\курсовой проект\sva-2022\sva-2022\sva-2022\debug\fst.obj
c:\users\user\onedrive\рабочий стол\кпо\курсовой проект\sva-2022\sva-2022\sva-2022\debug\error.obj
c:\users\user\onedrive\рабочий стол\кпо\курсовой проект\sva-2022\sva-2022\sva-2022\debug\sva-2022.ilk
c:\users\user\onedrive\рабочий стол\кпо\курсовой проект\sva-2022\sva-2022\debug\sva-2022.exe
c:\users\user\onedrive\рабочий стол\кпо\курсовой проект\sva-2022\sva-2022\debug\sva-2022.pdb
c:\users\user\onedrive\рабочий стол\кпо\курсовой проект\sva-2022\sva-2022\sva-2022\debug\sva-2022.tlog\cl.command.1.tlog
c:\users\user\onedrive\рабочий стол\кпо\курсовой проект\sva-2022\sva-2022\sva-2022\debug\sva-2022.tlog\cl.read.1.tlog
c:\users\user\onedrive\рабочий стол\кпо\курсовой проект\sva-2022\sva-2022\sva-2022\debug\sva-2022.tlog\cl.write.1.tlog
c:\users\user\onedrive\рабочий стол\кпо\курсовой проект\sva-2022\sva-2022\sva-2022\debug\sva-2022.tlog\link.command.1.tlog
c:\users\user\onedrive\рабочий стол\кпо\курсовой проект\sva-2022\sva-2022\sva-2022\debug\sva-2022.tlog\link.read.1.tlog
c:\users\user\onedrive\рабочий стол\кпо\курсовой проект\sva-2022\sva-2022\sva-2022\debug\sva-2022.tlog\link.write.1.tlog
