---- Исходные данные ----
main
[
 new symbol S; 
S= "q";
 print S;
 return 0;
];
--------------------------Таблица лексем-----------------------
0000 | m                    | 000 - 000
0001 | [                    | 000 - 001
0002 | nti;                 | 001 - 005
0003 | i=l;                 | 005 - 009
0004 | pi;                  | 009 - 012
0005 | rl;                  | 012 - 015
0006 | ];                   | 015 - 017
---------------------------------------------------------------
---------------------------------------------------------------------------------------
   № | Scope      | Идентификатор | Тип данных | Тип идентификатора | Индекс в ТЛ | Значение    
-                                                                                      

0000 | main       | S             | unknown    | переменная         | 4           | -
0001 | main       | L0            | unknown    | литерал            | 9           | -
---------------------------------------------------------------------------------------
